::1 - - [31/May/2018:00:22:37 -0500] "GET / HTTP/1.1" 200 79746
::1 - - [31/May/2018:00:22:37 -0500] "GET /index.php?=PHPE9568F34-D428-11d2-A769-00AA001ACF42 HTTP/1.1" 200 2524
::1 - - [31/May/2018:00:22:37 -0500] "GET /index.php?=PHPE9568F35-D428-11d2-A769-00AA001ACF42 HTTP/1.1" 200 2146
::1 - - [31/May/2018:00:22:38 -0500] "GET /favicon.ico HTTP/1.1" 404 209
::1 - - [31/May/2018:00:22:37 -0500] "GET /phpmyadmin/ HTTP/1.1" 200 7997
::1 - - [31/May/2018:00:22:38 -0500] "GET /phpmyadmin/phpmyadmin.css.php?server=1&token=a759a7271bc0f28f355177a2d14ef25b&nocache=4125195912ltr HTTP/1.1" 200 88608
::1 - - [31/May/2018:00:22:38 -0500] "GET /phpmyadmin/js/messages.php?lang=es&db=&server=0&token=713013177756620eab6a072eda0ee17b HTTP/1.1" 200 18333
::1 - - [31/May/2018:00:25:25 -0500] "POST /phpmyadmin/index.php HTTP/1.1" 302 -
::1 - - [31/May/2018:00:25:25 -0500] "GET /phpmyadmin/index.php?token=a759a7271bc0f28f355177a2d14ef25b HTTP/1.1" 200 48303
::1 - - [31/May/2018:00:25:25 -0500] "GET /phpmyadmin/phpmyadmin.css.php?server=1&token=a759a7271bc0f28f355177a2d14ef25b&nocache=5652940237ltr HTTP/1.1" 200 88608
::1 - - [31/May/2018:00:25:25 -0500] "GET /phpmyadmin/js/messages.php?lang=es&db=&server=0&token=a759a7271bc0f28f355177a2d14ef25b HTTP/1.1" 200 18333
::1 - - [31/May/2018:00:25:26 -0500] "GET /phpmyadmin/version_check.php?&_nocache=1527744326279168313 HTTP/1.1" 200 39
::1 - - [31/May/2018:00:25:32 -0500] "GET /ComedorUniversitario/ HTTP/1.1" 200 2901
::1 - - [31/May/2018:00:25:43 -0500] "POST /ComedorUniversitario/index.php/login/ValidarAcceso HTTP/1.1" 200 2927
::1 - - [31/May/2018:00:25:47 -0500] "POST /ComedorUniversitario/index.php/login/ValidarAcceso HTTP/1.1" 200 3005
::1 - - [31/May/2018:00:25:59 -0500] "GET /phpmyadmin/db_structure.php?server=1&db=bdcomedor&token=a759a7271bc0f28f355177a2d14ef25b&ajax_request=true&ajax_page_request=true&menuHashes=248a5e27&_nocache=1527744359324690399 HTTP/1.1" 200 18758
::1 - - [31/May/2018:00:26:01 -0500] "GET /phpmyadmin/sql.php?db=bdcomedor&token=a759a7271bc0f28f355177a2d14ef25b&goto=db_structure.php&table=usuarios&pos=0&ajax_request=true&ajax_page_request=true&menuHashes=248a5e27-81dd75d5&_nocache=152774436132820654 HTTP/1.1" 200 29172
::1 - - [31/May/2018:00:26:01 -0500] "GET /phpmyadmin/index.php?ajax_request=1&recent_table=1&token=a759a7271bc0f28f355177a2d14ef25b HTTP/1.1" 200 221
::1 - - [31/May/2018:00:26:21 -0500] "POST /ComedorUniversitario/index.php/login/ValidarAcceso HTTP/1.1" 302 -
::1 - - [31/May/2018:00:26:21 -0500] "GET /ComedorUniversitario/index.php HTTP/1.1" 200 2045
::1 - - [31/May/2018:00:26:21 -0500] "GET /ComedorUniversitario/imagenes/Logophp.png HTTP/1.1" 200 17575
::1 - - [31/May/2018:00:26:33 -0500] "GET /phpmyadmin/navigation.php?ajax_request=1&token=a759a7271bc0f28f355177a2d14ef25b&aPath=cm9vdA%3D%3D.YmRjb21lZG9y&vPath=cm9vdA%3D%3D.YmRjb21lZG9y&pos=0&pos2_name=&pos2_value=&searchClause=&searchClause2=&_nocache=1527744393060509103 HTTP/1.1" 200 2957
::1 - - [31/May/2018:00:26:34 -0500] "GET /phpmyadmin/sql.php?server=1&db=bdcomedor&table=menu_sistema&pos=0&token=a759a7271bc0f28f355177a2d14ef25b&ajax_request=true&ajax_page_request=true&menuHashes=248a5e27-81dd75d5-5557bbae&_nocache=1527744394752632182 HTTP/1.1" 200 28589
::1 - - [31/May/2018:00:26:34 -0500] "GET /phpmyadmin/index.php?ajax_request=1&recent_table=1&token=a759a7271bc0f28f355177a2d14ef25b HTTP/1.1" 200 357
::1 - - [31/May/2018:00:26:40 -0500] "GET /phpmyadmin/tbl_structure.php?db=bdcomedor&table=menu_sistema&token=a759a7271bc0f28f355177a2d14ef25b&ajax_request=true&ajax_page_request=true&menuHashes=248a5e27-81dd75d5-5557bbae-b38b2015&_nocache=1527744400583623077 HTTP/1.1" 200 42618
::1 - - [31/May/2018:00:26:40 -0500] "GET /phpmyadmin/index.php?ajax_request=1&recent_table=1&token=a759a7271bc0f28f355177a2d14ef25b HTTP/1.1" 200 357
::1 - - [31/May/2018:00:26:42 -0500] "GET /phpmyadmin/sql.php?db=bdcomedor&table=menu_sistema&token=a759a7271bc0f28f355177a2d14ef25b&pos=0&ajax_request=true&ajax_page_request=true&menuHashes=248a5e27-81dd75d5-5557bbae-b38b2015-5c35ef69&_nocache=1527744402535301833 HTTP/1.1" 200 25433
::1 - - [31/May/2018:00:26:42 -0500] "GET /phpmyadmin/index.php?ajax_request=1&recent_table=1&token=a759a7271bc0f28f355177a2d14ef25b HTTP/1.1" 200 357
::1 - - [31/May/2018:00:27:05 -0500] "GET /phpmyadmin/sql.php?server=1&db=bdcomedor&table=menu_sistema&pos=0&token=a759a7271bc0f28f355177a2d14ef25b&ajax_request=true&ajax_page_request=true&menuHashes=248a5e27-81dd75d5-5557bbae-b38b2015-5c35ef69&_nocache=1527744425520135285 HTTP/1.1" 200 25435
::1 - - [31/May/2018:00:27:06 -0500] "GET /phpmyadmin/index.php?ajax_request=1&recent_table=1&token=a759a7271bc0f28f355177a2d14ef25b HTTP/1.1" 200 357
::1 - - [31/May/2018:00:27:17 -0500] "GET /phpmyadmin/tbl_structure.php?db=bdcomedor&table=menu_sistema&token=a759a7271bc0f28f355177a2d14ef25b&ajax_request=true&ajax_page_request=true&menuHashes=248a5e27-81dd75d5-5557bbae-b38b2015-5c35ef69&_nocache=1527744437777471766 HTTP/1.1" 200 39464
::1 - - [31/May/2018:00:27:18 -0500] "GET /phpmyadmin/index.php?ajax_request=1&recent_table=1&token=a759a7271bc0f28f355177a2d14ef25b HTTP/1.1" 200 357
::1 - - [31/May/2018:00:27:29 -0500] "GET /phpmyadmin/sql.php?db=bdcomedor&table=menu_sistema&token=a759a7271bc0f28f355177a2d14ef25b&pos=0&ajax_request=true&ajax_page_request=true&menuHashes=248a5e27-81dd75d5-5557bbae-b38b2015-5c35ef69&_nocache=1527744449783432868 HTTP/1.1" 200 25433
::1 - - [31/May/2018:00:27:29 -0500] "GET /phpmyadmin/index.php?ajax_request=1&recent_table=1&token=a759a7271bc0f28f355177a2d14ef25b HTTP/1.1" 200 357
::1 - - [31/May/2018:00:27:52 -0500] "GET /phpmyadmin/tbl_operations.php?db=bdcomedor&table=menu_sistema&token=a759a7271bc0f28f355177a2d14ef25b&ajax_request=true&ajax_page_request=true&menuHashes=248a5e27-81dd75d5-5557bbae-b38b2015-5c35ef69&_nocache=1527744472226235314 HTTP/1.1" 200 47165
::1 - - [31/May/2018:00:27:52 -0500] "GET /phpmyadmin/index.php?ajax_request=1&recent_table=1&token=a759a7271bc0f28f355177a2d14ef25b HTTP/1.1" 200 357
::1 - - [31/May/2018:00:28:00 -0500] "GET /phpmyadmin/sql.php?db=bdcomedor&table=menu_sistema&token=a759a7271bc0f28f355177a2d14ef25b&pos=0&ajax_request=true&ajax_page_request=true&menuHashes=248a5e27-81dd75d5-5557bbae-b38b2015-5c35ef69-210d6ebd&_nocache=1527744480471439373 HTTP/1.1" 200 25433
::1 - - [31/May/2018:00:28:00 -0500] "GET /phpmyadmin/index.php?ajax_request=1&recent_table=1&token=a759a7271bc0f28f355177a2d14ef25b HTTP/1.1" 200 357
::1 - - [31/May/2018:00:28:03 -0500] "GET /phpmyadmin/db_structure.php?server=1&db=bdcomedor&token=a759a7271bc0f28f355177a2d14ef25b&ajax_request=true&ajax_page_request=true&menuHashes=248a5e27-81dd75d5-5557bbae-b38b2015-5c35ef69-210d6ebd&_nocache=1527744483688438127 HTTP/1.1" 200 15570
::1 - - [31/May/2018:00:28:11 -0500] "GET /phpmyadmin/db_operations.php?db=bdcomedor&token=a759a7271bc0f28f355177a2d14ef25b&ajax_request=true&ajax_page_request=true&menuHashes=248a5e27-81dd75d5-5557bbae-b38b2015-5c35ef69-210d6ebd&_nocache=1527744491631357212 HTTP/1.1" 200 42465
::1 - - [31/May/2018:00:28:11 -0500] "GET /phpmyadmin/js/get_scripts.js.php?scripts[]=db_operations.js HTTP/1.1" 200 1854
::1 - - [31/May/2018:00:28:17 -0500] "GET /phpmyadmin/db_structure.php?server=1&db=bdcomedor&token=a759a7271bc0f28f355177a2d14ef25b&ajax_request=true&ajax_page_request=true&menuHashes=248a5e27-81dd75d5-5557bbae-b38b2015-5c35ef69-210d6ebd-a753e603&_nocache=1527744497616196718 HTTP/1.1" 200 15570
::1 - - [31/May/2018:00:28:24 -0500] "GET /phpmyadmin/tbl_change.php?db=bdcomedor&token=a759a7271bc0f28f355177a2d14ef25b&goto=db_structure.php&table=usuarios&ajax_request=true&ajax_page_request=true&menuHashes=248a5e27-81dd75d5-5557bbae-b38b2015-5c35ef69-210d6ebd-a753e603&_nocache=1527744504792497530 HTTP/1.1" 200 67481
::1 - - [31/May/2018:00:28:24 -0500] "GET /phpmyadmin/index.php?ajax_request=1&recent_table=1&token=a759a7271bc0f28f355177a2d14ef25b HTTP/1.1" 200 357
::1 - - [31/May/2018:00:28:31 -0500] "GET /phpmyadmin/sql.php?server=1&db=bdcomedor&table=menu_sistema&pos=0&token=a759a7271bc0f28f355177a2d14ef25b HTTP/1.1" 200 35167
::1 - - [31/May/2018:00:28:31 -0500] "GET /phpmyadmin/js/messages.php?lang=es&db=bdcomedor&token=a759a7271bc0f28f355177a2d14ef25b HTTP/1.1" 200 18333
::1 - - [31/May/2018:00:28:31 -0500] "GET /phpmyadmin/js/get_scripts.js.php?scripts[]=jquery/jquery-1.8.3.js&scripts[]=ajax.js&scripts[]=keyhandler.js&scripts[]=jquery/jquery-ui-1.9.2.custom.js&scripts[]=jquery/jquery.sprintf.js&scripts[]=jquery/jquery.cookie.js&scripts[]=jquery/jquery.mousewheel.js&scripts[]=jquery/jquery.event.drag-2.2.js&scripts[]=jquery/jquery-ui-timepicker-addon.js&scripts[]=jquery/jquery.ba-hashchange-1.3.js&scripts[]=jquery/jquery.debounce-1.0.5.js&scripts[]=jquery/jquery.menuResizer-1.0.js&scripts[]=rte.js&scripts[]=functions.js&scripts[]=navigation.js&scripts[]=indexes.js&scripts[]=common.js&scripts[]=tbl_change.js&scripts[]=tbl_structure.js&scripts[]=gis_data_editor.js&scripts[]=makegrid.js&scripts[]=sql.js&scripts[]=codemirror/lib/codemirror.js&scripts[]=codemirror/mode/mysql/mysql.js HTTP/1.1" 200 635864
::1 - - [31/May/2018:00:28:32 -0500] "GET /phpmyadmin/index.php?ajax_request=1&recent_table=1&token=a759a7271bc0f28f355177a2d14ef25b HTTP/1.1" 200 357
::1 - - [31/May/2018:00:29:19 -0500] "GET /phpmyadmin/tbl_change.php?db=bdcomedor&token=a759a7271bc0f28f355177a2d14ef25b&goto=db_structure.php&table=menu_sistema&ajax_request=true&ajax_page_request=true&menuHashes=81dd75d5-5557bbae-b38b2015-5c35ef69-210d6ebd-a753e603-025f1f36&_nocache=1527744559441553544 HTTP/1.1" 200 53509
::1 - - [31/May/2018:00:29:19 -0500] "GET /phpmyadmin/index.php?ajax_request=1&recent_table=1&token=a759a7271bc0f28f355177a2d14ef25b HTTP/1.1" 200 357
::1 - - [31/May/2018:00:31:23 -0500] "POST /phpmyadmin/tbl_replace.php HTTP/1.1" 200 25320
::1 - - [31/May/2018:00:31:23 -0500] "GET /phpmyadmin/index.php?ajax_request=1&recent_table=1&token=a759a7271bc0f28f355177a2d14ef25b HTTP/1.1" 200 357
::1 - - [31/May/2018:00:31:27 -0500] "GET /phpmyadmin/sql.php?server=1&db=bdcomedor&table=menu_sistema&pos=0&token=a759a7271bc0f28f355177a2d14ef25b&ajax_request=true&ajax_page_request=true&menuHashes=b38b2015-5c35ef69-210d6ebd-a753e603-025f1f36-738d153d-0a95fda4&_nocache=15277446870824345 HTTP/1.1" 200 30774
::1 - - [31/May/2018:00:31:27 -0500] "GET /phpmyadmin/index.php?ajax_request=1&recent_table=1&token=a759a7271bc0f28f355177a2d14ef25b HTTP/1.1" 200 357
::1 - - [31/May/2018:00:31:34 -0500] "GET /ComedorUniversitario/index.php HTTP/1.1" 200 2045
::1 - - [31/May/2018:00:31:36 -0500] "GET /ComedorUniversitario/index.php HTTP/1.1" 200 2045
::1 - - [31/May/2018:00:31:40 -0500] "GET /ComedorUniversitario/index.php/login/CerrarSesion HTTP/1.1" 200 2901
::1 - - [31/May/2018:00:31:48 -0500] "POST /ComedorUniversitario/index.php/login/ValidarAcceso HTTP/1.1" 200 2927
::1 - - [31/May/2018:00:32:04 -0500] "POST /ComedorUniversitario/index.php/login/ValidarAcceso HTTP/1.1" 302 -
::1 - - [31/May/2018:00:32:04 -0500] "GET /ComedorUniversitario/index.php HTTP/1.1" 200 2045
::1 - - [31/May/2018:00:32:12 -0500] "GET /ComedorUniversitario/index.php/usuarios HTTP/1.1" 200 4545
::1 - - [31/May/2018:00:32:12 -0500] "GET /ComedorUniversitario/css/images/sort_both.png HTTP/1.1" 200 1185
::1 - - [31/May/2018:00:32:12 -0500] "GET /ComedorUniversitario/css/images/sort_asc.png HTTP/1.1" 200 1131
::1 - - [31/May/2018:00:32:19 -0500] "GET /ComedorUniversitario/index.php/usuarios/permisos/1 HTTP/1.1" 200 3796
::1 - - [31/May/2018:00:32:26 -0500] "POST /ComedorUniversitario/index.php/usuarios/permisos/1 HTTP/1.1" 302 -
::1 - - [31/May/2018:00:32:26 -0500] "GET /ComedorUniversitario/index.php/usuarios?permisos=true HTTP/1.1" 200 4896
::1 - - [31/May/2018:00:32:34 -0500] "GET /ComedorUniversitario/index.php/usuarios/permisos/1 HTTP/1.1" 200 4087
::1 - - [31/May/2018:00:32:41 -0500] "GET /ComedorUniversitario/index.php/usuarios/nuevo HTTP/1.1" 200 3903
::1 - - [31/May/2018:00:32:44 -0500] "GET /ComedorUniversitario/index.php/comensales HTTP/1.1" 404 1175
::1 - - [31/May/2018:00:32:49 -0500] "GET /ComedorUniversitario/index.php/usuarios/nuevo HTTP/1.1" 200 3903
::1 - - [31/May/2018:00:40:29 -0500] "GET /phpmyadmin/sql.php?server=1&db=bdcomedor&table=usuarios&pos=0&token=a759a7271bc0f28f355177a2d14ef25b&ajax_request=true&ajax_page_request=true&menuHashes=b38b2015-5c35ef69-210d6ebd-a753e603-025f1f36-738d153d-0a95fda4&_nocache=1527745229248229182 HTTP/1.1" 200 29174
::1 - - [31/May/2018:00:40:29 -0500] "GET /phpmyadmin/index.php?ajax_request=1&recent_table=1&token=a759a7271bc0f28f355177a2d14ef25b HTTP/1.1" 200 357
::1 - - [31/May/2018:00:44:45 -0500] "GET /phpmyadmin/tbl_structure.php?db=bdcomedor&table=usuarios&token=a759a7271bc0f28f355177a2d14ef25b&ajax_request=true&ajax_page_request=true&menuHashes=5c35ef69-210d6ebd-a753e603-025f1f36-738d153d-0a95fda4-5557bbae&_nocache=1527745485066825375 HTTP/1.1" 200 51143
::1 - - [31/May/2018:00:44:45 -0500] "GET /phpmyadmin/index.php?ajax_request=1&recent_table=1&token=a759a7271bc0f28f355177a2d14ef25b HTTP/1.1" 200 357
::1 - - [31/May/2018:00:44:48 -0500] "GET /phpmyadmin/db_structure.php?server=1&db=bdcomedor&token=a759a7271bc0f28f355177a2d14ef25b&ajax_request=true&ajax_page_request=true&menuHashes=210d6ebd-a753e603-025f1f36-738d153d-0a95fda4-5557bbae-86f7a6d8&_nocache=1527745488073532246 HTTP/1.1" 200 18758
::1 - - [31/May/2018:00:45:13 -0500] "POST /phpmyadmin/tbl_create.php HTTP/1.1" 200 408125
::1 - - [31/May/2018:00:45:13 -0500] "GET /phpmyadmin/index.php?ajax_request=1&recent_table=1&token=a759a7271bc0f28f355177a2d14ef25b HTTP/1.1" 200 489
::1 - - [31/May/2018:00:49:08 -0500] "GET /phpmyadmin/sql.php?server=1&db=bdcomedor&table=usuarios&pos=0&token=a759a7271bc0f28f355177a2d14ef25b HTTP/1.1" 200 35831
::1 - - [31/May/2018:00:49:09 -0500] "GET /phpmyadmin/index.php?ajax_request=1&recent_table=1&token=a759a7271bc0f28f355177a2d14ef25b HTTP/1.1" 200 489
::1 - - [31/May/2018:00:49:14 -0500] "GET /phpmyadmin/tbl_structure.php?db=bdcomedor&table=usuarios&token=a759a7271bc0f28f355177a2d14ef25b&ajax_request=true&ajax_page_request=true&menuHashes=5557bbae&_nocache=1527745754031485359 HTTP/1.1" 200 51143
::1 - - [31/May/2018:00:49:14 -0500] "GET /phpmyadmin/index.php?ajax_request=1&recent_table=1&token=a759a7271bc0f28f355177a2d14ef25b HTTP/1.1" 200 489
::1 - - [31/May/2018:00:50:12 -0500] "POST /phpmyadmin/tbl_create.php HTTP/1.1" 200 11594
::1 - - [31/May/2018:00:50:13 -0500] "GET /phpmyadmin/db_structure.php?token=a759a7271bc0f28f355177a2d14ef25b&server=1&db=bdcomedor&table=comensales&ajax_request=true&ajax_page_request=true&menuHashes=025f1f36-738d153d-0a95fda4-5557bbae-86f7a6d8-81dd75d5-21891e62&_nocache=1527745813158359117 HTTP/1.1" 200 21829
::1 - - [31/May/2018:00:50:13 -0500] "POST /phpmyadmin/navigation.php?ajax_request=1&token=a759a7271bc0f28f355177a2d14ef25b HTTP/1.1" 200 5104
::1 - - [31/May/2018:00:50:13 -0500] "GET /phpmyadmin/index.php?ajax_request=1&recent_table=1&token=a759a7271bc0f28f355177a2d14ef25b HTTP/1.1" 200 489
::1 - - [31/May/2018:00:50:15 -0500] "GET /phpmyadmin/sql.php?server=1&db=bdcomedor&table=comensales&pos=0&token=a759a7271bc0f28f355177a2d14ef25b&ajax_request=true&ajax_page_request=true&menuHashes=738d153d-0a95fda4-5557bbae-86f7a6d8-81dd75d5-21891e62-4857008c&_nocache=1527745815443887729 HTTP/1.1" 200 10554
::1 - - [31/May/2018:00:50:15 -0500] "GET /phpmyadmin/index.php?ajax_request=1&recent_table=1&token=a759a7271bc0f28f355177a2d14ef25b HTTP/1.1" 200 489
::1 - - [31/May/2018:00:50:17 -0500] "GET /phpmyadmin/tbl_structure.php?db=bdcomedor&table=comensales&token=a759a7271bc0f28f355177a2d14ef25b&ajax_request=true&ajax_page_request=true&menuHashes=0a95fda4-5557bbae-86f7a6d8-81dd75d5-21891e62-4857008c-bff17517&_nocache=1527745817299524925 HTTP/1.1" 200 51719
::1 - - [31/May/2018:00:50:17 -0500] "GET /phpmyadmin/index.php?ajax_request=1&recent_table=1&token=a759a7271bc0f28f355177a2d14ef25b HTTP/1.1" 200 489
::1 - - [31/May/2018:00:56:07 -0500] "GET /phpmyadmin/tbl_create.php?server=1&db=bdcomedor&token=a759a7271bc0f28f355177a2d14ef25b&ajax_request=true&ajax_page_request=true&menuHashes=5557bbae-86f7a6d8-81dd75d5-21891e62-4857008c-bff17517-817ea825&_nocache=1527746167358920915 HTTP/1.1" 200 204000
::1 - - [31/May/2018:00:56:08 -0500] "GET /phpmyadmin/sql.php?server=1&db=bdcomedor&table=comensales&pos=0&token=a759a7271bc0f28f355177a2d14ef25b&ajax_request=true&ajax_page_request=true&menuHashes=86f7a6d8-81dd75d5-21891e62-4857008c-bff17517-817ea825-b5587802&_nocache=1527746168212115462 HTTP/1.1" 200 7422
::1 - - [31/May/2018:00:56:08 -0500] "GET /phpmyadmin/index.php?ajax_request=1&recent_table=1&token=a759a7271bc0f28f355177a2d14ef25b HTTP/1.1" 200 489
::1 - - [31/May/2018:00:56:10 -0500] "GET /phpmyadmin/tbl_structure.php?db=bdcomedor&table=comensales&token=a759a7271bc0f28f355177a2d14ef25b&ajax_request=true&ajax_page_request=true&menuHashes=86f7a6d8-81dd75d5-21891e62-4857008c-bff17517-817ea825-b5587802&_nocache=1527746170605584943 HTTP/1.1" 200 48587
::1 - - [31/May/2018:00:56:10 -0500] "GET /phpmyadmin/index.php?ajax_request=1&recent_table=1&token=a759a7271bc0f28f355177a2d14ef25b HTTP/1.1" 200 489
::1 - - [31/May/2018:00:56:21 -0500] "GET /phpmyadmin/tbl_structure.php?db=bdcomedor&table=comensales&token=a759a7271bc0f28f355177a2d14ef25b&goto=tbl_structure.php&back=tbl_structure.php&field=id&change_column=1&ajax_request=true&_nocache=1527746181821795968 HTTP/1.1" 200 43968
::1 - - [31/May/2018:00:56:31 -0500] "POST /phpmyadmin/tbl_structure.php HTTP/1.1" 200 1984
::1 - - [31/May/2018:00:57:00 -0500] "POST /phpmyadmin/tbl_structure.php HTTP/1.1" 200 1984
::1 - - [31/May/2018:00:57:37 -0500] "POST /phpmyadmin/tbl_structure.php HTTP/1.1" 200 1984
::1 - - [31/May/2018:00:57:48 -0500] "GET /phpmyadmin/sql.php?db=bdcomedor&table=comensales&token=a759a7271bc0f28f355177a2d14ef25b&pos=0&ajax_request=true&ajax_page_request=true&menuHashes=86f7a6d8-81dd75d5-21891e62-4857008c-bff17517-817ea825-b5587802&_nocache=1527746268092368427 HTTP/1.1" 200 7420
::1 - - [31/May/2018:00:57:48 -0500] "GET /phpmyadmin/index.php?ajax_request=1&recent_table=1&token=a759a7271bc0f28f355177a2d14ef25b HTTP/1.1" 200 489
::1 - - [31/May/2018:00:57:49 -0500] "GET /phpmyadmin/tbl_structure.php?db=bdcomedor&table=comensales&token=a759a7271bc0f28f355177a2d14ef25b&ajax_request=true&ajax_page_request=true&menuHashes=86f7a6d8-81dd75d5-21891e62-4857008c-bff17517-817ea825-b5587802&_nocache=1527746269483941587 HTTP/1.1" 200 48587
::1 - - [31/May/2018:00:57:49 -0500] "GET /phpmyadmin/index.php?ajax_request=1&recent_table=1&token=a759a7271bc0f28f355177a2d14ef25b HTTP/1.1" 200 489
::1 - - [31/May/2018:00:57:56 -0500] "GET /phpmyadmin/sql.php?db=bdcomedor&table=comensales&token=a759a7271bc0f28f355177a2d14ef25b&goto=tbl_structure.php&back=tbl_structure.php&sql_query=ALTER+TABLE+%60comensales%60+ADD+PRIMARY+KEY%28%60id%60%29%3B&message_to_show=Se+agreg%C3%B3+una+clave+primaria+en+id&is_js_confirmed=1&ajax_request=true&_nocache=1527746276894315845 HTTP/1.1" 200 2519
::1 - - [31/May/2018:00:57:57 -0500] "POST /phpmyadmin/navigation.php?ajax_request=1&token=a759a7271bc0f28f355177a2d14ef25b HTTP/1.1" 200 5104
::1 - - [31/May/2018:00:57:57 -0500] "GET /phpmyadmin/tbl_structure.php?token=a759a7271bc0f28f355177a2d14ef25b&server=1&db=bdcomedor&table=comensales&ajax_request=true&ajax_page_request=true&menuHashes=86f7a6d8-81dd75d5-21891e62-4857008c-bff17517-817ea825-b5587802&_nocache=1527746277470107490 HTTP/1.1" 200 51424
::1 - - [31/May/2018:00:57:57 -0500] "GET /phpmyadmin/index.php?ajax_request=1&recent_table=1&token=a759a7271bc0f28f355177a2d14ef25b HTTP/1.1" 200 489
::1 - - [31/May/2018:00:58:04 -0500] "GET /phpmyadmin/tbl_structure.php?db=bdcomedor&table=comensales&token=a759a7271bc0f28f355177a2d14ef25b&goto=tbl_structure.php&back=tbl_structure.php&field=id&change_column=1&ajax_request=true&_nocache=1527746284980293277 HTTP/1.1" 200 43968
::1 - - [31/May/2018:00:58:08 -0500] "POST /phpmyadmin/tbl_structure.php HTTP/1.1" 200 52806
::1 - - [31/May/2018:00:58:09 -0500] "POST /phpmyadmin/navigation.php?ajax_request=1&token=a759a7271bc0f28f355177a2d14ef25b HTTP/1.1" 200 5104
::1 - - [31/May/2018:00:58:15 -0500] "GET /phpmyadmin/sql.php?server=1&db=bdcomedor&table=comensales&pos=0&token=a759a7271bc0f28f355177a2d14ef25b&ajax_request=true&ajax_page_request=true&menuHashes=86f7a6d8-81dd75d5-21891e62-4857008c-bff17517-817ea825-b5587802&_nocache=152774629524640248 HTTP/1.1" 200 7422
::1 - - [31/May/2018:00:58:15 -0500] "GET /phpmyadmin/index.php?ajax_request=1&recent_table=1&token=a759a7271bc0f28f355177a2d14ef25b HTTP/1.1" 200 489
::1 - - [31/May/2018:00:58:49 -0500] "GET /phpmyadmin/sql.php?server=1&db=bdcomedor&table=comensales&pos=0&token=a759a7271bc0f28f355177a2d14ef25b&ajax_request=true&ajax_page_request=true&menuHashes=86f7a6d8-81dd75d5-21891e62-4857008c-bff17517-817ea825-b5587802&_nocache=1527746329342862708 HTTP/1.1" 200 7422
::1 - - [31/May/2018:00:58:49 -0500] "GET /phpmyadmin/index.php?ajax_request=1&recent_table=1&token=a759a7271bc0f28f355177a2d14ef25b HTTP/1.1" 200 489
::1 - - [31/May/2018:00:58:51 -0500] "GET /phpmyadmin/sql.php?server=1&db=bdcomedor&table=comensales&pos=0&token=a759a7271bc0f28f355177a2d14ef25b&ajax_request=true&ajax_page_request=true&menuHashes=86f7a6d8-81dd75d5-21891e62-4857008c-bff17517-817ea825-b5587802&_nocache=152774633194715658 HTTP/1.1" 200 7422
::1 - - [31/May/2018:00:58:52 -0500] "GET /phpmyadmin/index.php?ajax_request=1&recent_table=1&token=a759a7271bc0f28f355177a2d14ef25b HTTP/1.1" 200 489
::1 - - [31/May/2018:00:58:53 -0500] "GET /phpmyadmin/tbl_structure.php?db=bdcomedor&table=comensales&token=a759a7271bc0f28f355177a2d14ef25b&ajax_request=true&ajax_page_request=true&menuHashes=86f7a6d8-81dd75d5-21891e62-4857008c-bff17517-817ea825-b5587802&_nocache=1527746333524120548 HTTP/1.1" 200 51664
::1 - - [31/May/2018:00:58:54 -0500] "GET /phpmyadmin/index.php?ajax_request=1&recent_table=1&token=a759a7271bc0f28f355177a2d14ef25b HTTP/1.1" 200 489
::1 - - [31/May/2018:00:59:02 -0500] "GET /phpmyadmin/tbl_structure.php?db=bdcomedor&table=comensales&token=a759a7271bc0f28f355177a2d14ef25b&goto=tbl_structure.php&back=tbl_structure.php&field=escuela+profesional&change_column=1&ajax_request=true&_nocache=15277463426181883 HTTP/1.1" 200 44058
::1 - - [31/May/2018:00:59:09 -0500] "POST /phpmyadmin/tbl_structure.php HTTP/1.1" 200 53398
::1 - - [31/May/2018:00:59:09 -0500] "POST /phpmyadmin/navigation.php?ajax_request=1&token=a759a7271bc0f28f355177a2d14ef25b HTTP/1.1" 200 5104
::1 - - [31/May/2018:01:00:48 -0500] "GET /phpmyadmin/sql.php?server=1&db=bdcomedor&table=menu_sistema&pos=0&token=a759a7271bc0f28f355177a2d14ef25b&ajax_request=true&ajax_page_request=true&menuHashes=86f7a6d8-81dd75d5-21891e62-4857008c-bff17517-817ea825-b5587802&_nocache=1527746448895582614 HTTP/1.1" 200 33928
::1 - - [31/May/2018:01:00:49 -0500] "GET /phpmyadmin/index.php?ajax_request=1&recent_table=1&token=a759a7271bc0f28f355177a2d14ef25b HTTP/1.1" 200 489
::1 - - [31/May/2018:01:00:52 -0500] "GET /phpmyadmin/tbl_structure.php?db=bdcomedor&table=menu_sistema&token=a759a7271bc0f28f355177a2d14ef25b&ajax_request=true&ajax_page_request=true&menuHashes=81dd75d5-21891e62-4857008c-bff17517-817ea825-b5587802-b38b2015&_nocache=1527746452117422993 HTTP/1.1" 200 42618
::1 - - [31/May/2018:01:00:52 -0500] "GET /phpmyadmin/index.php?ajax_request=1&recent_table=1&token=a759a7271bc0f28f355177a2d14ef25b HTTP/1.1" 200 489
::1 - - [31/May/2018:01:00:55 -0500] "GET /phpmyadmin/sql.php?server=1&db=bdcomedor&table=usuarios&pos=0&token=a759a7271bc0f28f355177a2d14ef25b&ajax_request=true&ajax_page_request=true&menuHashes=21891e62-4857008c-bff17517-817ea825-b5587802-b38b2015-5c35ef69&_nocache=1527746455772398759 HTTP/1.1" 200 29174
::1 - - [31/May/2018:01:00:55 -0500] "GET /phpmyadmin/index.php?ajax_request=1&recent_table=1&token=a759a7271bc0f28f355177a2d14ef25b HTTP/1.1" 200 489
::1 - - [31/May/2018:01:01:01 -0500] "GET /phpmyadmin/sql.php?server=1&db=bdcomedor&table=comensales&pos=0&token=a759a7271bc0f28f355177a2d14ef25b&ajax_request=true&ajax_page_request=true&menuHashes=4857008c-bff17517-817ea825-b5587802-b38b2015-5c35ef69-5557bbae&_nocache=1527746461886755538 HTTP/1.1" 200 7422
::1 - - [31/May/2018:01:01:02 -0500] "GET /phpmyadmin/index.php?ajax_request=1&recent_table=1&token=a759a7271bc0f28f355177a2d14ef25b HTTP/1.1" 200 489
::1 - - [31/May/2018:01:01:04 -0500] "GET /phpmyadmin/tbl_structure.php?db=bdcomedor&table=comensales&token=a759a7271bc0f28f355177a2d14ef25b&ajax_request=true&ajax_page_request=true&menuHashes=4857008c-bff17517-817ea825-b5587802-b38b2015-5c35ef69-5557bbae&_nocache=1527746464357697683 HTTP/1.1" 200 51664
::1 - - [31/May/2018:01:01:04 -0500] "GET /phpmyadmin/index.php?ajax_request=1&recent_table=1&token=a759a7271bc0f28f355177a2d14ef25b HTTP/1.1" 200 489
::1 - - [31/May/2018:01:04:20 -0500] "GET /ComedorUniversitario/index.php/usuarios/nuevo HTTP/1.1" 200 3903
::1 - - [31/May/2018:01:04:22 -0500] "GET /ComedorUniversitario/index.php/usuarios/nuevo HTTP/1.1" 200 3903
::1 - - [31/May/2018:01:04:24 -0500] "GET /ComedorUniversitario/index.php/usuarios/nuevo HTTP/1.1" 200 3903
::1 - - [31/May/2018:01:04:27 -0500] "GET /ComedorUniversitario/index.php/comensales/nuevo HTTP/1.1" 404 1175
::1 - - [31/May/2018:01:06:13 -0500] "GET /ComedorUniversitario/index.php/comensales/nuevo HTTP/1.1" 200 187
::1 - - [31/May/2018:01:06:47 -0500] "GET /ComedorUniversitario/index.php/comensales/nuevo HTTP/1.1" 200 3906
::1 - - [31/May/2018:01:18:19 -0500] "GET /ComedorUniversitario/index.php/usuarios HTTP/1.1" 200 4802
::1 - - [31/May/2018:01:18:20 -0500] "GET /ComedorUniversitario/index.php/comensales HTTP/1.1" 500 1185
::1 - - [31/May/2018:01:18:27 -0500] "GET /ComedorUniversitario/index.php/comensales/nuevo HTTP/1.1" 200 4117
